2025-09-07 20:14:50 [main] INFO  utils.AppLogger - Opened Thomas Cook website: https://www.thomascook.in/
2025-09-07 20:14:51 [main] INFO  utils.AppLogger - Navigated to registration page
2025-09-07 20:14:51 [main] INFO  utils.AppLogger - Selected title: Mr
2025-09-07 20:14:52 [main] INFO  utils.AppLogger - Entered last name: 
2025-09-07 20:14:52 [main] INFO  utils.AppLogger - Entered email: invalidEmail
2025-09-07 20:14:52 [main] INFO  utils.AppLogger - Entered password
2025-09-07 20:14:52 [main] INFO  utils.AppLogger - Entered confirm password
2025-09-07 20:14:52 [main] INFO  utils.AppLogger - Entered mobile number: aaa
2025-09-07 20:14:52 [main] INFO  utils.AppLogger - Accepted privacy policy
2025-09-07 20:14:55 [main] INFO  utils.AppLogger - Clicked on Register button
2025-09-07 20:15:38 [main] INFO  utils.AppLogger - Opened Thomas Cook website: https://www.thomascook.in/
2025-09-07 20:15:39 [main] INFO  utils.AppLogger - Navigated to registration page
2025-09-07 20:15:39 [main] INFO  utils.AppLogger - Selected title: Mr
2025-09-07 20:15:39 [main] INFO  utils.AppLogger - Entered last name: Sharma
2025-09-07 20:15:39 [main] INFO  utils.AppLogger - Entered email: sneha123@testmail.com
2025-09-07 20:15:40 [main] INFO  utils.AppLogger - Entered password
2025-09-07 20:15:40 [main] INFO  utils.AppLogger - Entered confirm password
2025-09-07 20:15:40 [main] INFO  utils.AppLogger - Entered mobile number: 9876543210
2025-09-07 20:15:40 [main] INFO  utils.AppLogger - Accepted privacy policy
2025-09-07 20:15:43 [main] INFO  utils.AppLogger - Clicked on Register button
2025-09-07 22:09:34 [main] INFO  utils.AppLogger - Opened Thomas Cook website: https://www.thomascook.in/
2025-09-07 22:09:35 [main] INFO  utils.AppLogger - Navigated to registration page
2025-09-07 22:09:36 [main] INFO  utils.AppLogger - Selected title: Mr
2025-09-07 22:09:36 [main] INFO  utils.AppLogger - Entered last name: 
2025-09-07 22:09:36 [main] INFO  utils.AppLogger - Entered email: invalidEmail
2025-09-07 22:09:36 [main] INFO  utils.AppLogger - Entered password
2025-09-07 22:09:36 [main] INFO  utils.AppLogger - Entered confirm password
2025-09-07 22:09:36 [main] INFO  utils.AppLogger - Entered mobile number: aaa
2025-09-07 22:10:07 [main] INFO  utils.AppLogger - Opened Thomas Cook website: https://www.thomascook.in/
2025-09-07 22:10:08 [main] INFO  utils.AppLogger - Navigated to registration page
2025-09-07 22:10:08 [main] INFO  utils.AppLogger - Selected title: Mr
2025-09-07 22:10:08 [main] INFO  utils.AppLogger - Entered last name: Sharma
2025-09-07 22:10:08 [main] INFO  utils.AppLogger - Entered email: sneha123@testmail.com
2025-09-07 22:10:09 [main] INFO  utils.AppLogger - Entered password
2025-09-07 22:10:09 [main] INFO  utils.AppLogger - Entered confirm password
2025-09-07 22:10:09 [main] INFO  utils.AppLogger - Entered mobile number: 9876543210
2025-09-07 22:20:32 [main] INFO  utils.AppLogger - Opened Thomas Cook website: https://www.thomascook.in/
2025-09-07 22:20:33 [main] INFO  utils.AppLogger - Navigated to registration page
2025-09-07 22:20:33 [main] INFO  utils.AppLogger - Selected title: Mr
2025-09-07 22:20:34 [main] INFO  utils.AppLogger - Entered last name: 
2025-09-07 22:20:34 [main] INFO  utils.AppLogger - Entered email: invalidEmail
2025-09-07 22:20:34 [main] INFO  utils.AppLogger - Entered password
2025-09-07 22:20:34 [main] INFO  utils.AppLogger - Entered confirm password
2025-09-07 22:20:34 [main] INFO  utils.AppLogger - Entered mobile number: aaa
2025-09-07 22:21:04 [main] INFO  utils.AppLogger - Opened Thomas Cook website: https://www.thomascook.in/
2025-09-07 22:21:05 [main] INFO  utils.AppLogger - Navigated to registration page
2025-09-07 22:21:05 [main] INFO  utils.AppLogger - Selected title: Mr
2025-09-07 22:21:06 [main] INFO  utils.AppLogger - Entered last name: Sharma
2025-09-07 22:21:06 [main] INFO  utils.AppLogger - Entered email: sneha123@testmail.com
2025-09-07 22:21:06 [main] INFO  utils.AppLogger - Entered password
2025-09-07 22:21:06 [main] INFO  utils.AppLogger - Entered confirm password
2025-09-07 22:21:06 [main] INFO  utils.AppLogger - Entered mobile number: 9876543210
2025-09-07 22:27:50 [main] INFO  utils.AppLogger - Opened Thomas Cook website: https://www.thomascook.in/
2025-09-07 22:27:51 [main] INFO  utils.AppLogger - Navigated to registration page
2025-09-07 22:27:51 [main] INFO  utils.AppLogger - Selected title: Mr
2025-09-07 22:27:52 [main] INFO  utils.AppLogger - Entered last name: 
2025-09-07 22:27:52 [main] INFO  utils.AppLogger - Entered email: invalidEmail
2025-09-07 22:27:52 [main] INFO  utils.AppLogger - Entered password
2025-09-07 22:27:52 [main] INFO  utils.AppLogger - Entered confirm password
2025-09-07 22:27:52 [main] INFO  utils.AppLogger - Entered mobile number: aaa
2025-09-07 22:28:10 [main] INFO  utils.AppLogger - Opened Thomas Cook website: https://www.thomascook.in/
2025-09-07 22:28:11 [main] INFO  utils.AppLogger - Navigated to registration page
2025-09-07 22:28:11 [main] INFO  utils.AppLogger - Selected title: Mr
2025-09-07 22:28:11 [main] INFO  utils.AppLogger - Entered last name: Sharma
2025-09-07 22:28:11 [main] INFO  utils.AppLogger - Entered email: sneha123@testmail.com
2025-09-07 22:28:11 [main] INFO  utils.AppLogger - Entered password
2025-09-07 22:28:12 [main] INFO  utils.AppLogger - Entered confirm password
2025-09-07 22:28:12 [main] INFO  utils.AppLogger - Entered mobile number: 9876543210
2025-09-07 23:08:02 [main] INFO  utils.AppLogger - Opened Thomas Cook website: https://www.thomascook.in/
2025-09-07 23:08:03 [main] INFO  utils.AppLogger - Navigated to registration page
2025-09-07 23:08:04 [main] INFO  utils.AppLogger - Selected title: Mr
2025-09-07 23:08:04 [main] INFO  utils.AppLogger - Entered first name: A
2025-09-07 23:08:04 [main] INFO  utils.AppLogger - Entered last name: 
2025-09-07 23:08:04 [main] INFO  utils.AppLogger - Entered email: invalidEmail
2025-09-07 23:08:04 [main] INFO  utils.AppLogger - Entered password
2025-09-07 23:08:04 [main] INFO  utils.AppLogger - Entered confirm password
2025-09-07 23:08:05 [main] INFO  utils.AppLogger - Entered mobile number: aaa
2025-09-07 23:08:25 [main] INFO  utils.AppLogger - Opened Thomas Cook website: https://www.thomascook.in/
2025-09-07 23:08:27 [main] INFO  utils.AppLogger - Navigated to registration page
2025-09-07 23:08:27 [main] INFO  utils.AppLogger - Selected title: Mr
2025-09-07 23:08:27 [main] INFO  utils.AppLogger - Entered first name: Sneha
2025-09-07 23:08:27 [main] INFO  utils.AppLogger - Entered last name: Sharma
2025-09-07 23:08:27 [main] INFO  utils.AppLogger - Entered email: sneha123@testmail.com
2025-09-07 23:08:27 [main] INFO  utils.AppLogger - Entered password
2025-09-07 23:08:28 [main] INFO  utils.AppLogger - Entered confirm password
2025-09-07 23:08:28 [main] INFO  utils.AppLogger - Entered mobile number: 9876543210
2025-09-07 23:13:34 [main] INFO  utils.AppLogger - Opened Thomas Cook website: https://www.thomascook.in/
2025-09-07 23:13:35 [main] INFO  utils.AppLogger - Navigated to registration page
2025-09-07 23:13:35 [main] INFO  utils.AppLogger - Selected title: Mr
2025-09-07 23:13:35 [main] INFO  utils.AppLogger - Entered first name: A
2025-09-07 23:13:36 [main] INFO  utils.AppLogger - Entered last name: 
2025-09-07 23:13:36 [main] INFO  utils.AppLogger - Entered email: invalidEmail
2025-09-07 23:13:36 [main] INFO  utils.AppLogger - Entered password
2025-09-07 23:13:36 [main] INFO  utils.AppLogger - Entered confirm password
2025-09-07 23:13:36 [main] INFO  utils.AppLogger - Entered mobile number: aaa
2025-09-07 23:14:01 [main] INFO  utils.AppLogger - Opened Thomas Cook website: https://www.thomascook.in/
2025-09-07 23:14:02 [main] INFO  utils.AppLogger - Navigated to registration page
2025-09-07 23:14:02 [main] INFO  utils.AppLogger - Selected title: Mr
2025-09-07 23:14:03 [main] INFO  utils.AppLogger - Entered first name: Sneha
2025-09-07 23:14:03 [main] INFO  utils.AppLogger - Entered last name: Sharma
2025-09-07 23:14:03 [main] INFO  utils.AppLogger - Entered email: sneha123@testmail.com
2025-09-07 23:14:03 [main] INFO  utils.AppLogger - Entered password
2025-09-07 23:14:03 [main] INFO  utils.AppLogger - Entered confirm password
2025-09-07 23:14:03 [main] INFO  utils.AppLogger - Entered mobile number: 9876543210
2025-09-07 23:17:08 [main] INFO  utils.AppLogger - Opened Thomas Cook website: https://www.thomascook.in/
2025-09-07 23:17:10 [main] INFO  utils.AppLogger - Navigated to registration page
2025-09-07 23:17:10 [main] INFO  utils.AppLogger - Selected title: Mr
2025-09-07 23:17:10 [main] INFO  utils.AppLogger - Entered last name: 
2025-09-07 23:17:10 [main] INFO  utils.AppLogger - Entered email: invalidEmail
2025-09-07 23:17:11 [main] INFO  utils.AppLogger - Entered password
2025-09-07 23:17:11 [main] INFO  utils.AppLogger - Entered confirm password
2025-09-07 23:17:11 [main] INFO  utils.AppLogger - Entered mobile number: aaa
2025-09-07 23:17:32 [main] INFO  utils.AppLogger - Opened Thomas Cook website: https://www.thomascook.in/
2025-09-07 23:17:33 [main] INFO  utils.AppLogger - Navigated to registration page
2025-09-07 23:17:34 [main] INFO  utils.AppLogger - Selected title: Mr
2025-09-07 23:17:34 [main] INFO  utils.AppLogger - Entered last name: Sharma
2025-09-07 23:17:34 [main] INFO  utils.AppLogger - Entered email: sneha123@testmail.com
2025-09-07 23:17:34 [main] INFO  utils.AppLogger - Entered password
2025-09-07 23:17:34 [main] INFO  utils.AppLogger - Entered confirm password
2025-09-07 23:17:34 [main] INFO  utils.AppLogger - Entered mobile number: 9876543210
2025-09-07 23:23:41 [main] INFO  utils.AppLogger - Opened Thomas Cook website: https://www.thomascook.in/
2025-09-07 23:23:42 [main] INFO  utils.AppLogger - Navigated to registration page
2025-09-07 23:23:43 [main] INFO  utils.AppLogger - Selected title: Mr
2025-09-07 23:23:43 [main] INFO  utils.AppLogger - Entered last name: 
2025-09-07 23:23:43 [main] INFO  utils.AppLogger - Entered email: invalidEmail
2025-09-07 23:23:43 [main] INFO  utils.AppLogger - Entered password
2025-09-07 23:23:43 [main] INFO  utils.AppLogger - Entered confirm password
2025-09-07 23:23:43 [main] INFO  utils.AppLogger - Entered mobile number: aaa
2025-09-07 23:24:00 [main] INFO  utils.AppLogger - Opened Thomas Cook website: https://www.thomascook.in/
2025-09-07 23:24:01 [main] INFO  utils.AppLogger - Navigated to registration page
2025-09-07 23:24:01 [main] INFO  utils.AppLogger - Selected title: Mr
2025-09-07 23:24:01 [main] INFO  utils.AppLogger - Entered last name: Sharma
2025-09-07 23:24:01 [main] INFO  utils.AppLogger - Entered email: sneha123@testmail.com
2025-09-07 23:24:02 [main] INFO  utils.AppLogger - Entered password
2025-09-07 23:24:02 [main] INFO  utils.AppLogger - Entered confirm password
2025-09-07 23:24:02 [main] INFO  utils.AppLogger - Entered mobile number: 9876543210
2025-09-07 23:24:30 [main] INFO  utils.AppLogger - Opened Thomas Cook Kerala to Kochi Tour Booking: https://www.thomascook.in/
2025-09-07 23:25:25 [main] INFO  utils.AppLogger - Opened Thomas Cook login page: https://www.thomascook.in/
2025-09-07 23:25:59 [main] INFO  utils.AppLogger - Opened Thomas Cook login page: https://www.thomascook.in/
2025-09-07 23:29:50 [main] INFO  utils.AppLogger - Opened Thomas Cook website: https://www.thomascook.in/
2025-09-07 23:29:51 [main] INFO  utils.AppLogger - Navigated to registration page
2025-09-07 23:29:51 [main] INFO  utils.AppLogger - Selected title: Mr
2025-09-07 23:29:52 [main] INFO  utils.AppLogger - Entered last name: 
2025-09-07 23:29:52 [main] INFO  utils.AppLogger - Entered email: invalidEmail
2025-09-07 23:29:52 [main] INFO  utils.AppLogger - Entered password
2025-09-07 23:29:52 [main] INFO  utils.AppLogger - Entered confirm password
2025-09-07 23:29:52 [main] INFO  utils.AppLogger - Entered mobile number: aaa
2025-09-07 23:30:17 [main] INFO  utils.AppLogger - Opened Thomas Cook website: https://www.thomascook.in/
2025-09-07 23:30:19 [main] INFO  utils.AppLogger - Navigated to registration page
2025-09-07 23:30:19 [main] INFO  utils.AppLogger - Selected title: Mr
2025-09-07 23:30:19 [main] INFO  utils.AppLogger - Entered last name: Sharma
2025-09-07 23:30:19 [main] INFO  utils.AppLogger - Entered email: sneha123@testmail.com
2025-09-07 23:30:20 [main] INFO  utils.AppLogger - Entered password
2025-09-07 23:30:20 [main] INFO  utils.AppLogger - Entered confirm password
2025-09-07 23:30:20 [main] INFO  utils.AppLogger - Entered mobile number: 9876543210
2025-09-07 23:30:45 [main] INFO  utils.AppLogger - Opened Thomas Cook Kerala to Kochi Tour Booking: https://www.thomascook.in/
2025-09-07 23:43:04 [main] INFO  utils.AppLogger - Opened Thomas Cook Kerala to Kochi Tour Booking: https://www.thomascook.in/
2025-09-07 23:45:50 [main] INFO  utils.AppLogger - Opened Thomas Cook Kerala to Kochi Tour Booking: https://www.thomascook.in/
2025-09-08 00:01:03 [main] INFO  utils.AppLogger - Opened Thomas Cook website: https://www.thomascook.in/
2025-09-08 00:01:05 [main] INFO  utils.AppLogger - Navigated to registration page
2025-09-08 00:01:05 [main] INFO  utils.AppLogger - Selected title: Mr
2025-09-08 00:01:05 [main] INFO  utils.AppLogger - Entered last name: 
2025-09-08 00:01:05 [main] INFO  utils.AppLogger - Entered email: invalidEmail
2025-09-08 00:01:06 [main] INFO  utils.AppLogger - Entered password
2025-09-08 00:01:06 [main] INFO  utils.AppLogger - Entered confirm password
2025-09-08 00:01:06 [main] INFO  utils.AppLogger - Entered mobile number: aaa
2025-09-08 00:01:22 [main] INFO  utils.AppLogger - Opened Thomas Cook website: https://www.thomascook.in/
2025-09-08 00:01:24 [main] INFO  utils.AppLogger - Navigated to registration page
2025-09-08 00:01:24 [main] INFO  utils.AppLogger - Selected title: Mr
2025-09-08 00:01:24 [main] INFO  utils.AppLogger - Entered last name: Sharma
2025-09-08 00:01:24 [main] INFO  utils.AppLogger - Entered email: sneha123@testmail.com
2025-09-08 00:01:24 [main] INFO  utils.AppLogger - Entered password
2025-09-08 00:01:25 [main] INFO  utils.AppLogger - Entered confirm password
2025-09-08 00:01:25 [main] INFO  utils.AppLogger - Entered mobile number: 9876543210
2025-09-08 00:01:40 [main] INFO  utils.AppLogger - Opened Thomas Cook Kerala to Kochi Tour Booking: https://www.thomascook.in/
2025-09-08 00:18:02 [main] INFO  utils.AppLogger - Opened Thomas Cook homepage: https://www.thomascook.in/
2025-09-08 00:19:31 [main] INFO  utils.AppLogger - Opened Thomas Cook homepage: https://www.thomascook.in/
2025-09-08 00:36:08 [main] INFO  utils.AppLogger - Opened Thomas Cook Kerala to Kochi Tour Booking: https://www.thomascook.in/
2025-09-08 00:38:30 [main] INFO  utils.AppLogger - Opened Thomas Cook Kerala to Kochi Tour Booking: https://www.thomascook.in/
2025-09-08 02:22:54 [main] INFO  utils.AppLogger - Opened Thomas Cook website: https://www.thomascook.in/
2025-09-08 02:22:55 [main] INFO  utils.AppLogger - Navigated to registration page
2025-09-08 02:22:55 [main] INFO  utils.AppLogger - Selected title: Mr
2025-09-08 02:22:56 [main] INFO  utils.AppLogger - Entered last name: 
2025-09-08 02:22:56 [main] INFO  utils.AppLogger - Entered email: invalidEmail
2025-09-08 02:22:56 [main] INFO  utils.AppLogger - Entered password
2025-09-08 02:22:56 [main] INFO  utils.AppLogger - Entered confirm password
2025-09-08 02:22:56 [main] INFO  utils.AppLogger - Entered mobile number: aaa
2025-09-08 02:23:16 [main] INFO  utils.AppLogger - Opened Thomas Cook website: https://www.thomascook.in/
2025-09-08 02:23:17 [main] INFO  utils.AppLogger - Navigated to registration page
2025-09-08 02:23:17 [main] INFO  utils.AppLogger - Selected title: Mr
2025-09-08 02:23:18 [main] INFO  utils.AppLogger - Entered last name: Sharma
2025-09-08 02:23:18 [main] INFO  utils.AppLogger - Entered email: sneha123@testmail.com
2025-09-08 02:23:18 [main] INFO  utils.AppLogger - Entered password
2025-09-08 02:23:18 [main] INFO  utils.AppLogger - Entered confirm password
2025-09-08 02:23:18 [main] INFO  utils.AppLogger - Entered mobile number: 9876543210
2025-09-08 02:23:39 [main] INFO  utils.AppLogger - Opened Thomas Cook Kerala to Kochi Tour Booking: https://www.thomascook.in/
2025-09-08 02:32:04 [main] INFO  utils.AppLogger - Opened Thomas Cook website: https://www.thomascook.in/
2025-09-08 02:32:05 [main] INFO  utils.AppLogger - Navigated to registration page
2025-09-08 02:32:06 [main] INFO  utils.AppLogger - Selected title: Mr
2025-09-08 02:32:06 [main] INFO  utils.AppLogger - Entered last name: 
2025-09-08 02:32:06 [main] INFO  utils.AppLogger - Entered email: invalidEmail
2025-09-08 02:32:06 [main] INFO  utils.AppLogger - Entered password
2025-09-08 02:32:06 [main] INFO  utils.AppLogger - Entered confirm password
2025-09-08 02:32:07 [main] INFO  utils.AppLogger - Entered mobile number: aaa
2025-09-08 02:32:23 [main] INFO  utils.AppLogger - Opened Thomas Cook website: https://www.thomascook.in/
2025-09-08 02:32:24 [main] INFO  utils.AppLogger - Navigated to registration page
2025-09-08 02:32:24 [main] INFO  utils.AppLogger - Selected title: Mr
2025-09-08 02:32:25 [main] INFO  utils.AppLogger - Entered last name: Sharma
2025-09-08 02:32:25 [main] INFO  utils.AppLogger - Entered email: sneha123@testmail.com
2025-09-08 02:32:25 [main] INFO  utils.AppLogger - Entered password
2025-09-08 02:32:25 [main] INFO  utils.AppLogger - Entered confirm password
2025-09-08 02:32:25 [main] INFO  utils.AppLogger - Entered mobile number: 9876543210
2025-09-08 02:33:06 [main] INFO  utils.AppLogger - Opened Thomas Cook Kerala to Kochi Tour Booking: https://www.thomascook.in/
2025-09-08 09:19:34 [main] INFO  utils.AppLogger - Opened Thomas Cook website: https://www.thomascook.in/
2025-09-08 09:19:35 [main] INFO  utils.AppLogger - Navigated to registration page
2025-09-08 09:19:35 [main] INFO  utils.AppLogger - Selected title: Mr
2025-09-08 09:19:36 [main] INFO  utils.AppLogger - Entered last name: 
2025-09-08 09:19:36 [main] INFO  utils.AppLogger - Entered email: invalidEmail
2025-09-08 09:19:36 [main] INFO  utils.AppLogger - Entered password
2025-09-08 09:19:36 [main] INFO  utils.AppLogger - Entered confirm password
2025-09-08 09:19:36 [main] INFO  utils.AppLogger - Entered mobile number: 999
2025-09-08 09:19:39 [main] INFO  utils.AppLogger - Clicked on Register button
2025-09-08 09:21:14 [main] INFO  utils.AppLogger - Opened Thomas Cook website: https://www.thomascook.in/
2025-09-08 09:21:15 [main] INFO  utils.AppLogger - Navigated to registration page
2025-09-08 09:21:15 [main] INFO  utils.AppLogger - Selected title: Mr
2025-09-08 09:21:16 [main] INFO  utils.AppLogger - Entered last name: Sharma
2025-09-08 09:21:16 [main] INFO  utils.AppLogger - Entered email: sneha123@testmail.com
2025-09-08 09:21:16 [main] INFO  utils.AppLogger - Entered password
2025-09-08 09:21:16 [main] INFO  utils.AppLogger - Entered confirm password
2025-09-08 09:21:16 [main] INFO  utils.AppLogger - Entered mobile number: 9876543210
2025-09-08 09:21:19 [main] INFO  utils.AppLogger - Clicked on Register button
2025-09-08 09:22:20 [main] INFO  utils.AppLogger - Registration successful, redirected to home page.
2025-09-08 09:23:19 [main] INFO  utils.AppLogger - Opened Thomas Cook Kerala to Kochi Tour Booking: https://www.thomascook.in/
2025-09-08 09:30:42 [main] INFO  utils.AppLogger - Opened Thomas Cook website: https://www.thomascook.in/
2025-09-08 09:30:43 [main] INFO  utils.AppLogger - Navigated to registration page
2025-09-08 09:30:43 [main] INFO  utils.AppLogger - Selected title: Mr
2025-09-08 09:30:44 [main] INFO  utils.AppLogger - Entered last name: 
2025-09-08 09:30:44 [main] INFO  utils.AppLogger - Entered email: invalidEmail
2025-09-08 09:30:44 [main] INFO  utils.AppLogger - Entered password
2025-09-08 09:30:44 [main] INFO  utils.AppLogger - Entered confirm password
2025-09-08 09:30:44 [main] INFO  utils.AppLogger - Entered mobile number: 999
2025-09-08 09:30:47 [main] INFO  utils.AppLogger - Clicked on Register button
2025-09-08 09:32:14 [main] INFO  utils.AppLogger - Opened Thomas Cook website: https://www.thomascook.in/
2025-09-08 09:32:15 [main] INFO  utils.AppLogger - Navigated to registration page
2025-09-08 09:32:15 [main] INFO  utils.AppLogger - Selected title: Mr
2025-09-08 09:32:16 [main] INFO  utils.AppLogger - Entered last name: Sharma
2025-09-08 09:32:16 [main] INFO  utils.AppLogger - Entered email: sneha123@testmail.com
2025-09-08 09:32:16 [main] INFO  utils.AppLogger - Entered password
2025-09-08 09:32:16 [main] INFO  utils.AppLogger - Entered confirm password
2025-09-08 09:32:16 [main] INFO  utils.AppLogger - Entered mobile number: 9876543210
2025-09-08 09:32:19 [main] INFO  utils.AppLogger - Clicked on Register button
2025-09-08 09:33:20 [main] INFO  utils.AppLogger - Registration successful, redirected to home page.
2025-09-08 09:33:40 [main] INFO  utils.AppLogger - Opened Thomas Cook Kerala to Kochi Tour Booking: https://www.thomascook.in/
2025-09-08 12:23:50 [main] INFO  utils.AppLogger - Opened Thomas Cook website: https://www.thomascook.in/
2025-09-08 12:23:51 [main] INFO  utils.AppLogger - Navigated to registration page
2025-09-08 12:23:52 [main] INFO  utils.AppLogger - Selected title: Mr
2025-09-08 12:23:52 [main] INFO  utils.AppLogger - Entered last name: 
2025-09-08 12:23:52 [main] INFO  utils.AppLogger - Entered email: invalidEmail
2025-09-08 12:23:52 [main] INFO  utils.AppLogger - Entered password
2025-09-08 12:23:52 [main] INFO  utils.AppLogger - Entered confirm password
2025-09-08 12:23:52 [main] INFO  utils.AppLogger - Entered mobile number: 999
2025-09-08 12:23:57 [main] INFO  utils.AppLogger - Clicked on Register button
2025-09-08 12:25:11 [main] INFO  utils.AppLogger - Opened Thomas Cook website: https://www.thomascook.in/
2025-09-08 12:25:12 [main] INFO  utils.AppLogger - Navigated to registration page
2025-09-08 12:25:13 [main] INFO  utils.AppLogger - Selected title: Mr
2025-09-08 12:25:13 [main] INFO  utils.AppLogger - Entered last name: Sharma
2025-09-08 12:25:13 [main] INFO  utils.AppLogger - Entered email: sneha123@testmail.com
2025-09-08 12:25:13 [main] INFO  utils.AppLogger - Entered password
2025-09-08 12:25:13 [main] INFO  utils.AppLogger - Entered confirm password
2025-09-08 12:25:13 [main] INFO  utils.AppLogger - Entered mobile number: 9876543210
2025-09-08 12:25:16 [main] INFO  utils.AppLogger - Clicked on Register button
2025-09-08 12:26:17 [main] INFO  utils.AppLogger - Registration successful, redirected to home page.
2025-09-08 12:26:29 [main] INFO  utils.AppLogger - Opened Thomas Cook Kerala to Kochi Tour Booking: https://www.thomascook.in/
2025-09-08 12:27:11 [main] INFO  utils.AppLogger - Open Login Page 
2025-09-08 12:27:35 [main] INFO  utils.AppLogger - Open Login Page 
2025-09-08 13:10:35 [main] INFO  utils.AppLogger - Opened Thomas Cook website: https://www.thomascook.in/
2025-09-08 13:10:36 [main] INFO  utils.AppLogger - Navigated to registration page
2025-09-08 13:10:36 [main] INFO  utils.AppLogger - Selected title: Mr
2025-09-08 13:10:37 [main] INFO  utils.AppLogger - Entered last name: 
2025-09-08 13:10:37 [main] INFO  utils.AppLogger - Entered email: invalidEmail
2025-09-08 13:10:37 [main] INFO  utils.AppLogger - Entered password
2025-09-08 13:10:37 [main] INFO  utils.AppLogger - Entered confirm password
2025-09-08 13:10:37 [main] INFO  utils.AppLogger - Entered mobile number: 999
2025-09-08 13:10:40 [main] INFO  utils.AppLogger - Clicked on Register button
2025-09-08 13:12:10 [main] INFO  utils.AppLogger - Opened Thomas Cook website: https://www.thomascook.in/
2025-09-08 13:12:11 [main] INFO  utils.AppLogger - Navigated to registration page
2025-09-08 13:12:11 [main] INFO  utils.AppLogger - Selected title: Mr
2025-09-08 13:12:11 [main] INFO  utils.AppLogger - Entered last name: Sharma
2025-09-08 13:12:11 [main] INFO  utils.AppLogger - Entered email: sneha123@testmail.com
2025-09-08 13:12:11 [main] INFO  utils.AppLogger - Entered password
2025-09-08 13:12:12 [main] INFO  utils.AppLogger - Entered confirm password
2025-09-08 13:12:12 [main] INFO  utils.AppLogger - Entered mobile number: 9876543210
2025-09-08 13:12:15 [main] INFO  utils.AppLogger - Clicked on Register button
2025-09-08 13:13:16 [main] INFO  utils.AppLogger - Registration successful, redirected to home page.
2025-09-08 13:13:29 [main] INFO  utils.AppLogger - Opened Thomas Cook Kerala to Kochi Tour Booking: https://www.thomascook.in/
2025-09-08 13:14:26 [main] INFO  utils.AppLogger - Open Login Page 
2025-09-08 13:15:02 [main] INFO  utils.AppLogger - Open Login Page 
2025-09-08 13:23:37 [main] INFO  utils.AppLogger - Opened Thomas Cook website: https://www.thomascook.in/
2025-09-08 13:23:38 [main] INFO  utils.AppLogger - Navigated to registration page
2025-09-08 13:23:38 [main] INFO  utils.AppLogger - Selected title: Mr
2025-09-08 13:23:38 [main] INFO  utils.AppLogger - Entered last name: 
2025-09-08 13:23:38 [main] INFO  utils.AppLogger - Entered email: invalidEmail
2025-09-08 13:23:39 [main] INFO  utils.AppLogger - Entered password
2025-09-08 13:23:39 [main] INFO  utils.AppLogger - Entered confirm password
2025-09-08 13:23:39 [main] INFO  utils.AppLogger - Entered mobile number: 999
2025-09-08 13:23:42 [main] INFO  utils.AppLogger - Clicked on Register button
2025-09-08 13:24:59 [main] INFO  utils.AppLogger - Opened Thomas Cook website: https://www.thomascook.in/
2025-09-08 13:25:00 [main] INFO  utils.AppLogger - Navigated to registration page
2025-09-08 13:25:01 [main] INFO  utils.AppLogger - Selected title: Mr
2025-09-08 13:25:01 [main] INFO  utils.AppLogger - Entered last name: Sharma
2025-09-08 13:25:01 [main] INFO  utils.AppLogger - Entered email: sneha123@testmail.com
2025-09-08 13:25:01 [main] INFO  utils.AppLogger - Entered password
2025-09-08 13:25:01 [main] INFO  utils.AppLogger - Entered confirm password
2025-09-08 13:25:01 [main] INFO  utils.AppLogger - Entered mobile number: 9876543210
2025-09-08 13:25:05 [main] INFO  utils.AppLogger - Clicked on Register button
2025-09-08 13:26:06 [main] INFO  utils.AppLogger - Registration successful, redirected to home page.
2025-09-08 13:26:19 [main] INFO  utils.AppLogger - Opened Thomas Cook Kerala to Kochi Tour Booking: https://www.thomascook.in/
2025-09-08 13:27:02 [main] INFO  utils.AppLogger - Open Login Page 
2025-09-08 13:27:28 [main] INFO  utils.AppLogger - Open Login Page 
2025-09-08 16:27:45 [main] INFO  utils.AppLogger - Opened Thomas Cook website: https://www.thomascook.in/
2025-09-08 16:27:47 [main] INFO  utils.AppLogger - Navigated to registration page
2025-09-08 16:27:47 [main] INFO  utils.AppLogger - Selected title: Mr
2025-09-08 16:27:47 [main] INFO  utils.AppLogger - Entered last name: 
2025-09-08 16:27:47 [main] INFO  utils.AppLogger - Entered email: invalidEmail
2025-09-08 16:27:48 [main] INFO  utils.AppLogger - Entered password
2025-09-08 16:27:48 [main] INFO  utils.AppLogger - Entered confirm password
2025-09-08 16:27:48 [main] INFO  utils.AppLogger - Entered mobile number: 999
2025-09-08 16:27:51 [main] INFO  utils.AppLogger - Clicked on Register button
2025-09-08 16:29:06 [main] INFO  utils.AppLogger - Opened Thomas Cook website: https://www.thomascook.in/
2025-09-08 16:29:07 [main] INFO  utils.AppLogger - Navigated to registration page
2025-09-08 16:29:07 [main] INFO  utils.AppLogger - Selected title: Mr
2025-09-08 16:29:08 [main] INFO  utils.AppLogger - Entered last name: Sharma
2025-09-08 16:29:08 [main] INFO  utils.AppLogger - Entered email: sneha123@testmail.com
2025-09-08 16:29:08 [main] INFO  utils.AppLogger - Entered password
2025-09-08 16:29:08 [main] INFO  utils.AppLogger - Entered confirm password
2025-09-08 16:29:08 [main] INFO  utils.AppLogger - Entered mobile number: 9876543210
2025-09-08 16:29:11 [main] INFO  utils.AppLogger - Clicked on Register button
2025-09-08 16:30:12 [main] INFO  utils.AppLogger - Registration successful, redirected to home page.
2025-09-08 16:30:24 [main] INFO  utils.AppLogger - Opened Thomas Cook Kerala to Kochi Tour Booking: https://www.thomascook.in/
2025-09-08 16:31:09 [main] INFO  utils.AppLogger - Open Login Page 
2025-09-08 16:31:33 [main] INFO  utils.AppLogger - Open Login Page 
